c:\users\kevin\desktop\cpp345_f17\comp345_risk\x64\debug\vc141.pdb
c:\users\kevin\desktop\cpp345_f17\comp345_risk\x64\debug\vc141.idb
c:\users\kevin\desktop\cpp345_f17\comp345_risk\x64\debug\dice.obj
c:\users\kevin\desktop\cpp345_f17\comp345_risk\x64\debug\game.obj
c:\users\kevin\desktop\cpp345_f17\comp345_risk\x64\debug\gameconstants.obj
c:\users\kevin\desktop\cpp345_f17\comp345_risk\x64\debug\main.obj
c:\users\kevin\desktop\cpp345_f17\comp345_risk\x64\debug\map.obj
c:\users\kevin\desktop\cpp345_f17\comp345_risk\x64\debug\maploader.obj
c:\users\kevin\desktop\cpp345_f17\comp345_risk\x64\debug\player.obj
c:\users\kevin\desktop\cpp345_f17\x64\debug\comp345_risk.ilk
c:\users\kevin\desktop\cpp345_f17\x64\debug\comp345_risk.exe
c:\users\kevin\desktop\cpp345_f17\x64\debug\comp345_risk.pdb
c:\users\kevin\desktop\cpp345_f17\comp345_risk\x64\debug\comp345_risk.res
c:\users\kevin\desktop\cpp345_f17\comp345_risk\x64\debug\loadmaphandler.obj
c:\users\kevin\desktop\cpp345_f17\comp345_risk\x64\debug\riskplayer.obj
c:\users\kevin\desktop\cpp345_f17\comp345_risk\x64\debug\main.obj.enc
c:\users\kevin\desktop\cpp345_f17\comp345_risk\x64\debug\comp345_risk.tlog\cl.command.1.tlog
c:\users\kevin\desktop\cpp345_f17\comp345_risk\x64\debug\comp345_risk.tlog\cl.read.1.tlog
c:\users\kevin\desktop\cpp345_f17\comp345_risk\x64\debug\comp345_risk.tlog\cl.write.1.tlog
c:\users\kevin\desktop\cpp345_f17\comp345_risk\x64\debug\comp345_risk.tlog\link.command.1.tlog
c:\users\kevin\desktop\cpp345_f17\comp345_risk\x64\debug\comp345_risk.tlog\link.read.1.tlog
c:\users\kevin\desktop\cpp345_f17\comp345_risk\x64\debug\comp345_risk.tlog\link.write.1.tlog
c:\users\kevin\desktop\cpp345_f17\comp345_risk\x64\debug\comp345_risk.tlog\rc.command.1.tlog
c:\users\kevin\desktop\cpp345_f17\comp345_risk\x64\debug\comp345_risk.tlog\rc.read.1.tlog
c:\users\kevin\desktop\cpp345_f17\comp345_risk\x64\debug\comp345_risk.tlog\rc.write.1.tlog
