  Player.cpp
  MapLoader.cpp
c:\users\kevin\desktop\master branch\cpp345_f17\comp345_risk\maploader.cpp(19): error C2512: 'Country::Country': no appropriate default constructor available
c:\users\kevin\desktop\master branch\cpp345_f17\comp345_risk\maploader.cpp(34): error C2039: 'containsCountry': is not a member of 'Map'
  c:\users\kevin\desktop\master branch\cpp345_f17\comp345_risk\map.h(10): note: see declaration of 'Map'
c:\users\kevin\desktop\master branch\cpp345_f17\comp345_risk\maploader.cpp(37): error C2039: 'setNeighboringCountries': is not a member of 'Country'
  c:\users\kevin\desktop\master branch\cpp345_f17\comp345_risk\map.h(45): note: see declaration of 'Country'
c:\users\kevin\desktop\master branch\cpp345_f17\comp345_risk\maploader.cpp(40): error C2039: 'setNeighboringCountries': is not a member of 'Country'
  c:\users\kevin\desktop\master branch\cpp345_f17\comp345_risk\map.h(45): note: see declaration of 'Country'
c:\users\kevin\desktop\master branch\cpp345_f17\comp345_risk\maploader.cpp(45): error C2039: 'getX': is not a member of 'Country'
  c:\users\kevin\desktop\master branch\cpp345_f17\comp345_risk\map.h(45): note: see declaration of 'Country'
c:\users\kevin\desktop\master branch\cpp345_f17\comp345_risk\maploader.cpp(45): error C2039: 'getY': is not a member of 'Country'
  c:\users\kevin\desktop\master branch\cpp345_f17\comp345_risk\map.h(45): note: see declaration of 'Country'
  Map.cpp
c:\users\kevin\desktop\master branch\cpp345_f17\comp345_risk\map.cpp(19): error C3867: 'std::vector<Country *,std::allocator<_Ty>>::size': non-standard syntax; use '&' to create a pointer to member
          with
          [
              _Ty=Country *
          ]
c:\users\kevin\desktop\master branch\cpp345_f17\comp345_risk\map.cpp(19): error C2446: '<': no conversion from 'unsigned __int64 (__cdecl std::vector<Country *,std::allocator<_Ty>>::* )(void) noexcept const' to 'int'
          with
          [
              _Ty=Country *
          ]
  c:\users\kevin\desktop\master branch\cpp345_f17\comp345_risk\map.cpp(19): note: There is no context in which this conversion is possible
c:\users\kevin\desktop\master branch\cpp345_f17\comp345_risk\map.cpp(20): error C2228: left of '.compare' must have class/struct/union
c:\users\kevin\desktop\master branch\cpp345_f17\comp345_risk\map.cpp(29): error C3867: 'std::vector<Continent *,std::allocator<_Ty>>::size': non-standard syntax; use '&' to create a pointer to member
          with
          [
              _Ty=Continent *
          ]
c:\users\kevin\desktop\master branch\cpp345_f17\comp345_risk\map.cpp(29): error C2446: '<': no conversion from 'unsigned __int64 (__cdecl std::vector<Continent *,std::allocator<_Ty>>::* )(void) noexcept const' to 'int'
          with
          [
              _Ty=Continent *
          ]
  c:\users\kevin\desktop\master branch\cpp345_f17\comp345_risk\map.cpp(29): note: There is no context in which this conversion is possible
c:\users\kevin\desktop\master branch\cpp345_f17\comp345_risk\map.cpp(36): error C3867: 'std::vector<Continent *,std::allocator<_Ty>>::size': non-standard syntax; use '&' to create a pointer to member
          with
          [
              _Ty=Continent *
          ]
c:\users\kevin\desktop\master branch\cpp345_f17\comp345_risk\map.cpp(36): error C2446: '<': no conversion from 'unsigned __int64 (__cdecl std::vector<Continent *,std::allocator<_Ty>>::* )(void) noexcept const' to 'int'
          with
          [
              _Ty=Continent *
          ]
  c:\users\kevin\desktop\master branch\cpp345_f17\comp345_risk\map.cpp(36): note: There is no context in which this conversion is possible
c:\users\kevin\desktop\master branch\cpp345_f17\comp345_risk\map.cpp(43): error C3867: 'std::vector<Continent *,std::allocator<_Ty>>::size': non-standard syntax; use '&' to create a pointer to member
          with
          [
              _Ty=Continent *
          ]
c:\users\kevin\desktop\master branch\cpp345_f17\comp345_risk\map.cpp(43): error C2446: '<': no conversion from 'unsigned __int64 (__cdecl std::vector<Continent *,std::allocator<_Ty>>::* )(void) noexcept const' to 'int'
          with
          [
              _Ty=Continent *
          ]
  c:\users\kevin\desktop\master branch\cpp345_f17\comp345_risk\map.cpp(43): note: There is no context in which this conversion is possible
c:\users\kevin\desktop\master branch\cpp345_f17\comp345_risk\map.cpp(44): error C2228: left of '.size' must have class/struct/union
c:\users\kevin\desktop\master branch\cpp345_f17\comp345_risk\map.cpp(48): error C3867: 'std::vector<Country *,std::allocator<_Ty>>::size': non-standard syntax; use '&' to create a pointer to member
          with
          [
              _Ty=Country *
          ]
c:\users\kevin\desktop\master branch\cpp345_f17\comp345_risk\map.cpp(48): error C2446: '!=': no conversion from 'unsigned __int64 (__cdecl std::vector<Country *,std::allocator<_Ty>>::* )(void) noexcept const' to 'int'
          with
          [
              _Ty=Country *
          ]
  c:\users\kevin\desktop\master branch\cpp345_f17\comp345_risk\map.cpp(48): note: There is no context in which this conversion is possible
c:\users\kevin\desktop\master branch\cpp345_f17\comp345_risk\map.cpp(55): error C3867: 'std::vector<Country *,std::allocator<_Ty>>::size': non-standard syntax; use '&' to create a pointer to member
          with
          [
              _Ty=Country *
          ]
c:\users\kevin\desktop\master branch\cpp345_f17\comp345_risk\map.cpp(55): error C2678: binary '!=': no operator found which takes a left-hand operand of type 'overloaded-function' (or there is no acceptable conversion)
  c:\program files (x86)\microsoft visual studio\2017\enterprise\vc\tools\msvc\14.10.25017\include\exception(351): note: could be 'bool std::operator !=(const std::exception_ptr &,const std::exception_ptr &) throw()' [found using argument-dependent lookup]
  c:\program files (x86)\microsoft visual studio\2017\enterprise\vc\tools\msvc\14.10.25017\include\exception(356): note: or       'bool std::operator !=(std::nullptr_t,const std::exception_ptr &) throw()' [found using argument-dependent lookup]
  c:\program files (x86)\microsoft visual studio\2017\enterprise\vc\tools\msvc\14.10.25017\include\exception(361): note: or       'bool std::operator !=(const std::exception_ptr &,std::nullptr_t) throw()' [found using argument-dependent lookup]
  c:\program files (x86)\microsoft visual studio\2017\enterprise\vc\tools\msvc\14.10.25017\include\system_error(395): note: or       'bool std::operator !=(const std::error_code &,const std::error_code &) noexcept' [found using argument-dependent lookup]
  c:\program files (x86)\microsoft visual studio\2017\enterprise\vc\tools\msvc\14.10.25017\include\system_error(402): note: or       'bool std::operator !=(const std::error_code &,const std::error_condition &) noexcept' [found using argument-dependent lookup]
  c:\program files (x86)\microsoft visual studio\2017\enterprise\vc\tools\msvc\14.10.25017\include\system_error(409): note: or       'bool std::operator !=(const std::error_condition &,const std::error_code &) noexcept' [found using argument-dependent lookup]
  c:\program files (x86)\microsoft visual studio\2017\enterprise\vc\tools\msvc\14.10.25017\include\system_error(416): note: or       'bool std::operator !=(const std::error_condition &,const std::error_condition &) noexcept' [found using argument-dependent lookup]
  c:\users\kevin\desktop\master branch\cpp345_f17\comp345_risk\map.cpp(55): note: while trying to match the argument list '(overloaded-function, std::vector<Country *,std::allocator<_Ty>>)'
          with
          [
              _Ty=Country *
          ]
c:\users\kevin\desktop\master branch\cpp345_f17\comp345_risk\map.cpp(73): error C2228: left of '.size' must have class/struct/union
c:\users\kevin\desktop\master branch\cpp345_f17\comp345_risk\map.cpp(74): error C3867: 'Country::getNeighboringCountries': non-standard syntax; use '&' to create a pointer to member
c:\users\kevin\desktop\master branch\cpp345_f17\comp345_risk\map.cpp(74): error C2109: subscript requires array or pointer type
c:\users\kevin\desktop\master branch\cpp345_f17\comp345_risk\map.cpp(74): error C2672: 'std::find': no matching overloaded function found
c:\users\kevin\desktop\master branch\cpp345_f17\comp345_risk\map.cpp(74): error C2780: '_InIt std::find(_InIt,_InIt,const _Ty &)': expects 3 arguments - 2 provided
  c:\program files (x86)\microsoft visual studio\2017\enterprise\vc\tools\msvc\14.10.25017\include\xutility(3185): note: see declaration of 'std::find'
c:\users\kevin\desktop\master branch\cpp345_f17\comp345_risk\map.cpp(75): error C3867: 'Country::getNeighboringCountries': non-standard syntax; use '&' to create a pointer to member
c:\users\kevin\desktop\master branch\cpp345_f17\comp345_risk\map.cpp(75): error C2109: subscript requires array or pointer type
  main.cpp
c:\users\kevin\desktop\master branch\cpp345_f17\comp345_risk\main.cpp(60): warning C4244: 'argument': conversion from 'time_t' to 'unsigned int', possible loss of data
  GameConstants.cpp
  Game.cpp
  Dice.cpp
  Generating Code...
